[debug] [2020-05-27T09:03:17.165Z] ----------------------------------------------------------------------
[debug] [2020-05-27T09:03:17.167Z] Command:       /usr/local/Cellar/node/13.11.0/bin/node /usr/local/bin/firebase deploy
[debug] [2020-05-27T09:03:17.167Z] CLI Version:   8.4.0
[debug] [2020-05-27T09:03:17.167Z] Platform:      darwin
[debug] [2020-05-27T09:03:17.168Z] Node Version:  v13.11.0
[debug] [2020-05-27T09:03:17.168Z] Time:          Wed May 27 2020 19:03:17 GMT+1000 (Australian Eastern Standard Time)
[debug] [2020-05-27T09:03:17.168Z] ----------------------------------------------------------------------
[debug] [2020-05-27T09:03:17.168Z] 
[debug] [2020-05-27T09:03:17.179Z] > command requires scopes: ["email","openid","https://www.googleapis.com/auth/cloudplatformprojects.readonly","https://www.googleapis.com/auth/firebase","https://www.googleapis.com/auth/cloud-platform"]
[debug] [2020-05-27T09:03:17.180Z] > authorizing via signed-in user
[debug] [2020-05-27T09:03:17.180Z] [iam] checking project acaocovid19-homolog for permissions ["firebase.projects.get","firebasehosting.sites.update"]
[debug] [2020-05-27T09:03:17.183Z] >>> HTTP REQUEST POST https://cloudresourcemanager.googleapis.com/v1/projects/acaocovid19-homolog:testIamPermissions  
 {"permissions":["firebase.projects.get","firebasehosting.sites.update"]}
[debug] [2020-05-27T09:03:18.837Z] <<< HTTP RESPONSE 200 {"content-type":"application/json; charset=UTF-8","vary":"X-Origin, Referer, Origin,Accept-Encoding","date":"Wed, 27 May 2020 09:03:19 GMT","server":"ESF","cache-control":"private","x-xss-protection":"0","x-frame-options":"SAMEORIGIN","x-content-type-options":"nosniff","server-timing":"gfet4t7; dur=1172","alt-svc":"h3-27=\":443\"; ma=2592000,h3-25=\":443\"; ma=2592000,h3-T050=\":443\"; ma=2592000,h3-Q050=\":443\"; ma=2592000,h3-Q049=\":443\"; ma=2592000,h3-Q048=\":443\"; ma=2592000,h3-Q046=\":443\"; ma=2592000,h3-Q043=\":443\"; ma=2592000,quic=\":443\"; ma=2592000; v=\"46,43\"","accept-ranges":"none","transfer-encoding":"chunked"}
[debug] [2020-05-27T09:03:18.839Z] >>> HTTP REQUEST GET https://firebase.googleapis.com/v1beta1/projects/acaocovid19-homolog  
 
[debug] [2020-05-27T09:03:19.566Z] <<< HTTP RESPONSE 200 {"content-type":"application/json; charset=UTF-8","vary":"X-Origin, Referer, Origin,Accept-Encoding","date":"Wed, 27 May 2020 09:03:20 GMT","server":"ESF","cache-control":"private","x-xss-protection":"0","x-frame-options":"SAMEORIGIN","x-content-type-options":"nosniff","alt-svc":"h3-27=\":443\"; ma=2592000,h3-25=\":443\"; ma=2592000,h3-T050=\":443\"; ma=2592000,h3-Q050=\":443\"; ma=2592000,h3-Q049=\":443\"; ma=2592000,h3-Q048=\":443\"; ma=2592000,h3-Q046=\":443\"; ma=2592000,h3-Q043=\":443\"; ma=2592000,quic=\":443\"; ma=2592000; v=\"46,43\"","accept-ranges":"none","transfer-encoding":"chunked"}
[info] 
[info] === Deploying to 'acaocovid19-homolog'...
[info] 
[info] i  deploying hosting 
[debug] [2020-05-27T09:03:19.578Z] >>> HTTP REQUEST POST https://firebasehosting.googleapis.com/v1beta1/sites/acaocovid19-homolog/versions  
 {"config":{"rewrites":[{"glob":"**","path":"/index.html"}]},"labels":{"deployment-tool":"cli-firebase"}}
